[debug] ----------------------------------------------------------------------
[debug] Command:      /usr/local/bin/node /usr/local/bin/firebase serve --only hosting,functions
[debug] CLI Version:  3.9.0
[debug] Platform:     darwin
[debug] Node Version: v7.9.0
[debug] Time:         Thu Dec 14 2017 18:03:53 GMT-0800 (PST)
[debug] ----------------------------------------------------------------------
[debug] 
[debug] > command requires scopes: ["email","openid","https://www.googleapis.com/auth/cloudplatformprojects.readonly","https://www.googleapis.com/auth/firebase","https://www.googleapis.com/auth/cloud-platform"]
[debug] >>> HTTP REQUEST GET https://admin.firebase.com/v1/projects/freshchat-dd3fe  
 Thu Dec 14 2017 18:03:53 GMT-0800 (PST)
[debug] <<< HTTP RESPONSE 200
[debug] >>> HTTP REQUEST GET https://admin.firebase.com/v1/database/freshchat-dd3fe/tokens  
 Thu Dec 14 2017 18:03:53 GMT-0800 (PST)
[debug] <<< HTTP RESPONSE 200
[info] 
[info] === Serving from '/Users/doug/Developer/GroupTalent/freshchat/server'...
[info] 
[info] i  functions: Preparing to emulate HTTPS functions. Support for other event types coming soon.
[debug] >>> HTTP REQUEST GET https://appengine.googleapis.com/v1/apps/freshchat-dd3fe  
 Thu Dec 14 2017 18:03:55 GMT-0800 (PST)
[debug] >>> HTTP REQUEST GET https://apikeys.googleapis.com/v1/projects/freshchat-dd3fe/apiKeys  
 Thu Dec 14 2017 18:03:55 GMT-0800 (PST)
[debug] >>> HTTP REQUEST GET https://cloudresourcemanager.googleapis.com/v1/projects/freshchat-dd3fe  
 Thu Dec 14 2017 18:03:55 GMT-0800 (PST)
[debug] <<< HTTP RESPONSE 200
[debug] <<< HTTP RESPONSE 200
[debug] >>> HTTP REQUEST GET https://mobilesdk-pa.googleapis.com/v1/projects/448176027931/clients/_:getWebAppConfig  
 Thu Dec 14 2017 18:03:55 GMT-0800 (PST)
[debug] <<< HTTP RESPONSE 200
[debug] <<< HTTP RESPONSE 200
[info] i  hosting: Serving hosting files from: public
[info] ✔  hosting: Local server: http://localhost:5000

[info] ✔  functions: app: http://localhost:5003/freshchat-dd3fe/us-central1/app
